2025-02-03 22:13:14,373 INFO  org.apache.flink.runtime.taskexecutor.TaskManagerRunner      [] - --------------------------------------------------------------------------------
2025-02-03 22:13:14,381 INFO  org.apache.flink.runtime.taskexecutor.TaskManagerRunner      [] -  Preconfiguration: 
2025-02-03 22:13:14,381 INFO  org.apache.flink.runtime.taskexecutor.TaskManagerRunner      [] - 


RESOURCE_PARAMS extraction logs:
jvm_params: -Xmx536870902 -Xms536870902 -XX:MaxDirectMemorySize=268435458 -XX:MaxMetaspaceSize=268435456
dynamic_configs: -D taskmanager.memory.network.min=134217730b -D taskmanager.cpu.cores=1.0 -D taskmanager.memory.task.off-heap.size=0b -D taskmanager.memory.jvm-metaspace.size=268435456b -D external-resources=none -D taskmanager.memory.jvm-overhead.min=201326592b -D taskmanager.memory.framework.off-heap.size=134217728b -D taskmanager.memory.network.max=134217730b -D taskmanager.memory.framework.heap.size=134217728b -D taskmanager.memory.managed.size=536870920b -D taskmanager.memory.task.heap.size=402653174b -D taskmanager.numberOfTaskSlots=1 -D taskmanager.memory.jvm-overhead.max=201326592b
logs: WARNING: sun.reflect.Reflection.getCallerClass is not supported. This will impact performance.
INFO  [] - Using standard YAML parser to load flink configuration file from /Users/mmm/Desktop/phase/flink-1.20.0/conf/config.yaml.
INFO  [] - Loading configuration property: taskmanager.memory.process.size, 1728m
INFO  [] - Loading configuration property: taskmanager.bind-host, localhost
INFO  [] - Loading configuration property: jobmanager.execution.failover-strategy, region
INFO  [] - Loading configuration property: jobmanager.rpc.address, localhost
INFO  [] - Loading configuration property: jobmanager.memory.process.size, 1600m
INFO  [] - Loading configuration property: jobmanager.rpc.port, 6123
INFO  [] - Loading configuration property: rest.bind-address, localhost
INFO  [] - Loading configuration property: jobmanager.bind-host, localhost
INFO  [] - Loading configuration property: taskmanager.host, localhost
INFO  [] - Loading configuration property: parallelism.default, 1
INFO  [] - Loading configuration property: taskmanager.numberOfTaskSlots, 1
INFO  [] - Loading configuration property: rest.address, localhost
INFO  [] - Loading configuration property: env.java.opts.all, --add-exports=java.base/sun.net.util=ALL-UNNAMED --add-exports=java.rmi/sun.rmi.registry=ALL-UNNAMED --add-exports=jdk.compiler/com.sun.tools.javac.api=ALL-UNNAMED --add-exports=jdk.compiler/com.sun.tools.javac.file=ALL-UNNAMED --add-exports=jdk.compiler/com.sun.tools.javac.parser=ALL-UNNAMED --add-exports=jdk.compiler/com.sun.tools.javac.tree=ALL-UNNAMED --add-exports=jdk.compiler/com.sun.tools.javac.util=ALL-UNNAMED --add-exports=java.security.jgss/sun.security.krb5=ALL-UNNAMED --add-opens=java.base/java.lang=ALL-UNNAMED --add-opens=java.base/java.net=ALL-UNNAMED --add-opens=java.base/java.io=ALL-UNNAMED --add-opens=java.base/java.nio=ALL-UNNAMED --add-opens=java.base/sun.nio.ch=ALL-UNNAMED --add-opens=java.base/java.lang.reflect=ALL-UNNAMED --add-opens=java.base/java.text=ALL-UNNAMED --add-opens=java.base/java.time=ALL-UNNAMED --add-opens=java.base/java.util=ALL-UNNAMED --add-opens=java.base/java.util.concurrent=ALL-UNNAMED --add-opens=java.base/java.util.concurrent.atomic=ALL-UNNAMED --add-opens=java.base/java.util.concurrent.locks=ALL-UNNAMED
INFO  [] - The derived from fraction jvm overhead memory (172.800mb (181193935 bytes)) is less than its min value 192.000mb (201326592 bytes), min value will be used instead
INFO  [] - Final TaskExecutor Memory configuration:
INFO  [] -   Total Process Memory:          1.688gb (1811939328 bytes)
INFO  [] -     Total Flink Memory:          1.250gb (1342177280 bytes)
INFO  [] -       Total JVM Heap Memory:     512.000mb (536870902 bytes)
INFO  [] -         Framework:               128.000mb (134217728 bytes)
INFO  [] -         Task:                    384.000mb (402653174 bytes)
INFO  [] -       Total Off-heap Memory:     768.000mb (805306378 bytes)
INFO  [] -         Managed:                 512.000mb (536870920 bytes)
INFO  [] -         Total JVM Direct Memory: 256.000mb (268435458 bytes)
INFO  [] -           Framework:             128.000mb (134217728 bytes)
INFO  [] -           Task:                  0 bytes
INFO  [] -           Network:               128.000mb (134217730 bytes)
INFO  [] -     JVM Metaspace:               256.000mb (268435456 bytes)
INFO  [] -     JVM Overhead:                192.000mb (201326592 bytes)

2025-02-03 22:13:14,382 INFO  org.apache.flink.runtime.taskexecutor.TaskManagerRunner      [] - --------------------------------------------------------------------------------
2025-02-03 22:13:14,382 INFO  org.apache.flink.runtime.taskexecutor.TaskManagerRunner      [] -  Starting TaskManager (Version: 1.20.0, Scala: 2.12, Rev:b1fe7b4, Date:2024-07-25T04:22:22+02:00)
2025-02-03 22:13:14,383 INFO  org.apache.flink.runtime.taskexecutor.TaskManagerRunner      [] -  OS current user: mmm
2025-02-03 22:13:14,384 INFO  org.apache.flink.runtime.taskexecutor.TaskManagerRunner      [] -  Current Hadoop/Kerberos user: <no hadoop dependency found>
2025-02-03 22:13:14,384 INFO  org.apache.flink.runtime.taskexecutor.TaskManagerRunner      [] -  JVM: Java HotSpot(TM) 64-Bit Server VM - Oracle Corporation - 21/21.0.2+13-LTS-58
2025-02-03 22:13:14,384 INFO  org.apache.flink.runtime.taskexecutor.TaskManagerRunner      [] -  Arch: x86_64
2025-02-03 22:13:14,384 INFO  org.apache.flink.runtime.taskexecutor.TaskManagerRunner      [] -  Maximum heap size: 512 MiBytes
2025-02-03 22:13:14,384 INFO  org.apache.flink.runtime.taskexecutor.TaskManagerRunner      [] -  JAVA_HOME: 
2025-02-03 22:13:14,385 INFO  org.apache.flink.runtime.taskexecutor.TaskManagerRunner      [] -  No Hadoop Dependency available
2025-02-03 22:13:14,385 INFO  org.apache.flink.runtime.taskexecutor.TaskManagerRunner      [] -  JVM Options:
2025-02-03 22:13:14,385 INFO  org.apache.flink.runtime.taskexecutor.TaskManagerRunner      [] -     -Xmx536870902
2025-02-03 22:13:14,386 INFO  org.apache.flink.runtime.taskexecutor.TaskManagerRunner      [] -     -Xms536870902
2025-02-03 22:13:14,386 INFO  org.apache.flink.runtime.taskexecutor.TaskManagerRunner      [] -     -XX:MaxDirectMemorySize=268435458
2025-02-03 22:13:14,386 INFO  org.apache.flink.runtime.taskexecutor.TaskManagerRunner      [] -     -XX:MaxMetaspaceSize=268435456
2025-02-03 22:13:14,386 INFO  org.apache.flink.runtime.taskexecutor.TaskManagerRunner      [] -     -XX:+IgnoreUnrecognizedVMOptions
2025-02-03 22:13:14,387 INFO  org.apache.flink.runtime.taskexecutor.TaskManagerRunner      [] -     --add-exports=java.base/sun.net.util=ALL-UNNAMED
2025-02-03 22:13:14,387 INFO  org.apache.flink.runtime.taskexecutor.TaskManagerRunner      [] -     --add-exports=java.rmi/sun.rmi.registry=ALL-UNNAMED
2025-02-03 22:13:14,388 INFO  org.apache.flink.runtime.taskexecutor.TaskManagerRunner      [] -     --add-exports=jdk.compiler/com.sun.tools.javac.api=ALL-UNNAMED
2025-02-03 22:13:14,388 INFO  org.apache.flink.runtime.taskexecutor.TaskManagerRunner      [] -     --add-exports=jdk.compiler/com.sun.tools.javac.file=ALL-UNNAMED
2025-02-03 22:13:14,388 INFO  org.apache.flink.runtime.taskexecutor.TaskManagerRunner      [] -     --add-exports=jdk.compiler/com.sun.tools.javac.parser=ALL-UNNAMED
2025-02-03 22:13:14,388 INFO  org.apache.flink.runtime.taskexecutor.TaskManagerRunner      [] -     --add-exports=jdk.compiler/com.sun.tools.javac.tree=ALL-UNNAMED
2025-02-03 22:13:14,389 INFO  org.apache.flink.runtime.taskexecutor.TaskManagerRunner      [] -     --add-exports=jdk.compiler/com.sun.tools.javac.util=ALL-UNNAMED
2025-02-03 22:13:14,389 INFO  org.apache.flink.runtime.taskexecutor.TaskManagerRunner      [] -     --add-exports=java.security.jgss/sun.security.krb5=ALL-UNNAMED
2025-02-03 22:13:14,389 INFO  org.apache.flink.runtime.taskexecutor.TaskManagerRunner      [] -     --add-opens=java.base/java.lang=ALL-UNNAMED
2025-02-03 22:13:14,389 INFO  org.apache.flink.runtime.taskexecutor.TaskManagerRunner      [] -     --add-opens=java.base/java.net=ALL-UNNAMED
2025-02-03 22:13:14,389 INFO  org.apache.flink.runtime.taskexecutor.TaskManagerRunner      [] -     --add-opens=java.base/java.io=ALL-UNNAMED
2025-02-03 22:13:14,389 INFO  org.apache.flink.runtime.taskexecutor.TaskManagerRunner      [] -     --add-opens=java.base/java.nio=ALL-UNNAMED
2025-02-03 22:13:14,389 INFO  org.apache.flink.runtime.taskexecutor.TaskManagerRunner      [] -     --add-opens=java.base/sun.nio.ch=ALL-UNNAMED
2025-02-03 22:13:14,390 INFO  org.apache.flink.runtime.taskexecutor.TaskManagerRunner      [] -     --add-opens=java.base/java.lang.reflect=ALL-UNNAMED
2025-02-03 22:13:14,395 INFO  org.apache.flink.runtime.taskexecutor.TaskManagerRunner      [] -     --add-opens=java.base/java.text=ALL-UNNAMED
2025-02-03 22:13:14,396 INFO  org.apache.flink.runtime.taskexecutor.TaskManagerRunner      [] -     --add-opens=java.base/java.time=ALL-UNNAMED
2025-02-03 22:13:14,396 INFO  org.apache.flink.runtime.taskexecutor.TaskManagerRunner      [] -     --add-opens=java.base/java.util=ALL-UNNAMED
2025-02-03 22:13:14,397 INFO  org.apache.flink.runtime.taskexecutor.TaskManagerRunner      [] -     --add-opens=java.base/java.util.concurrent=ALL-UNNAMED
2025-02-03 22:13:14,398 INFO  org.apache.flink.runtime.taskexecutor.TaskManagerRunner      [] -     --add-opens=java.base/java.util.concurrent.atomic=ALL-UNNAMED
2025-02-03 22:13:14,398 INFO  org.apache.flink.runtime.taskexecutor.TaskManagerRunner      [] -     --add-opens=java.base/java.util.concurrent.locks=ALL-UNNAMED
2025-02-03 22:13:14,399 INFO  org.apache.flink.runtime.taskexecutor.TaskManagerRunner      [] -     -Djava.security.manager=allow
2025-02-03 22:13:14,399 INFO  org.apache.flink.runtime.taskexecutor.TaskManagerRunner      [] -     -Dlog.file=/Users/mmm/Desktop/phase/flink-1.20.0/log/flink-mmm-taskexecutor-1-mmm.local.log
2025-02-03 22:13:14,399 INFO  org.apache.flink.runtime.taskexecutor.TaskManagerRunner      [] -     -Dlog4j.configuration=file:/Users/mmm/Desktop/phase/flink-1.20.0/conf/log4j.properties
2025-02-03 22:13:14,399 INFO  org.apache.flink.runtime.taskexecutor.TaskManagerRunner      [] -     -Dlog4j.configurationFile=file:/Users/mmm/Desktop/phase/flink-1.20.0/conf/log4j.properties
2025-02-03 22:13:14,399 INFO  org.apache.flink.runtime.taskexecutor.TaskManagerRunner      [] -     -Dlogback.configurationFile=file:/Users/mmm/Desktop/phase/flink-1.20.0/conf/logback.xml
2025-02-03 22:13:14,400 INFO  org.apache.flink.runtime.taskexecutor.TaskManagerRunner      [] -  Program Arguments:
2025-02-03 22:13:14,404 INFO  org.apache.flink.runtime.taskexecutor.TaskManagerRunner      [] -     --configDir
2025-02-03 22:13:14,405 INFO  org.apache.flink.runtime.taskexecutor.TaskManagerRunner      [] -     /Users/mmm/Desktop/phase/flink-1.20.0/conf
2025-02-03 22:13:14,405 INFO  org.apache.flink.runtime.taskexecutor.TaskManagerRunner      [] -     -D
2025-02-03 22:13:14,405 INFO  org.apache.flink.runtime.taskexecutor.TaskManagerRunner      [] -     taskmanager.memory.network.min=134217730b
2025-02-03 22:13:14,405 INFO  org.apache.flink.runtime.taskexecutor.TaskManagerRunner      [] -     -D
2025-02-03 22:13:14,405 INFO  org.apache.flink.runtime.taskexecutor.TaskManagerRunner      [] -     taskmanager.cpu.cores=1.0
2025-02-03 22:13:14,405 INFO  org.apache.flink.runtime.taskexecutor.TaskManagerRunner      [] -     -D
2025-02-03 22:13:14,406 INFO  org.apache.flink.runtime.taskexecutor.TaskManagerRunner      [] -     taskmanager.memory.task.off-heap.size=0b
2025-02-03 22:13:14,406 INFO  org.apache.flink.runtime.taskexecutor.TaskManagerRunner      [] -     -D
2025-02-03 22:13:14,406 INFO  org.apache.flink.runtime.taskexecutor.TaskManagerRunner      [] -     taskmanager.memory.jvm-metaspace.size=268435456b
2025-02-03 22:13:14,406 INFO  org.apache.flink.runtime.taskexecutor.TaskManagerRunner      [] -     -D
2025-02-03 22:13:14,407 INFO  org.apache.flink.runtime.taskexecutor.TaskManagerRunner      [] -     external-resources=none
2025-02-03 22:13:14,407 INFO  org.apache.flink.runtime.taskexecutor.TaskManagerRunner      [] -     -D
2025-02-03 22:13:14,407 INFO  org.apache.flink.runtime.taskexecutor.TaskManagerRunner      [] -     taskmanager.memory.jvm-overhead.min=201326592b
2025-02-03 22:13:14,408 INFO  org.apache.flink.runtime.taskexecutor.TaskManagerRunner      [] -     -D
2025-02-03 22:13:14,408 INFO  org.apache.flink.runtime.taskexecutor.TaskManagerRunner      [] -     taskmanager.memory.framework.off-heap.size=134217728b
2025-02-03 22:13:14,408 INFO  org.apache.flink.runtime.taskexecutor.TaskManagerRunner      [] -     -D
2025-02-03 22:13:14,408 INFO  org.apache.flink.runtime.taskexecutor.TaskManagerRunner      [] -     taskmanager.memory.network.max=134217730b
2025-02-03 22:13:14,409 INFO  org.apache.flink.runtime.taskexecutor.TaskManagerRunner      [] -     -D
2025-02-03 22:13:14,409 INFO  org.apache.flink.runtime.taskexecutor.TaskManagerRunner      [] -     taskmanager.memory.framework.heap.size=134217728b
2025-02-03 22:13:14,409 INFO  org.apache.flink.runtime.taskexecutor.TaskManagerRunner      [] -     -D
2025-02-03 22:13:14,410 INFO  org.apache.flink.runtime.taskexecutor.TaskManagerRunner      [] -     taskmanager.memory.managed.size=536870920b
2025-02-03 22:13:14,410 INFO  org.apache.flink.runtime.taskexecutor.TaskManagerRunner      [] -     -D
2025-02-03 22:13:14,410 INFO  org.apache.flink.runtime.taskexecutor.TaskManagerRunner      [] -     taskmanager.memory.task.heap.size=402653174b
2025-02-03 22:13:14,411 INFO  org.apache.flink.runtime.taskexecutor.TaskManagerRunner      [] -     -D
2025-02-03 22:13:14,411 INFO  org.apache.flink.runtime.taskexecutor.TaskManagerRunner      [] -     taskmanager.numberOfTaskSlots=1
2025-02-03 22:13:14,411 INFO  org.apache.flink.runtime.taskexecutor.TaskManagerRunner      [] -     -D
2025-02-03 22:13:14,411 INFO  org.apache.flink.runtime.taskexecutor.TaskManagerRunner      [] -     taskmanager.memory.jvm-overhead.max=201326592b
2025-02-03 22:13:14,411 INFO  org.apache.flink.runtime.taskexecutor.TaskManagerRunner      [] -  Classpath: /Users/mmm/Desktop/phase/flink-1.20.0/lib/flink-cep-1.20.0.jar:/Users/mmm/Desktop/phase/flink-1.20.0/lib/flink-connector-files-1.20.0.jar:/Users/mmm/Desktop/phase/flink-1.20.0/lib/flink-csv-1.20.0.jar:/Users/mmm/Desktop/phase/flink-1.20.0/lib/flink-json-1.20.0.jar:/Users/mmm/Desktop/phase/flink-1.20.0/lib/flink-scala_2.12-1.20.0.jar:/Users/mmm/Desktop/phase/flink-1.20.0/lib/flink-table-api-java-uber-1.20.0.jar:/Users/mmm/Desktop/phase/flink-1.20.0/lib/flink-table-planner-loader-1.20.0.jar:/Users/mmm/Desktop/phase/flink-1.20.0/lib/flink-table-runtime-1.20.0.jar:/Users/mmm/Desktop/phase/flink-1.20.0/lib/log4j-1.2-api-2.17.1.jar:/Users/mmm/Desktop/phase/flink-1.20.0/lib/log4j-api-2.17.1.jar:/Users/mmm/Desktop/phase/flink-1.20.0/lib/log4j-core-2.17.1.jar:/Users/mmm/Desktop/phase/flink-1.20.0/lib/log4j-slf4j-impl-2.17.1.jar:/Users/mmm/Desktop/phase/flink-1.20.0/lib/flink-dist-1.20.0.jar::::
2025-02-03 22:13:14,411 INFO  org.apache.flink.runtime.taskexecutor.TaskManagerRunner      [] - --------------------------------------------------------------------------------
2025-02-03 22:13:14,414 INFO  org.apache.flink.runtime.taskexecutor.TaskManagerRunner      [] - Registered UNIX signal handlers for [TERM, HUP, INT]
2025-02-03 22:13:14,431 INFO  org.apache.flink.runtime.taskexecutor.TaskManagerRunner      [] - Maximum number of open file descriptors is 10240.
2025-02-03 22:13:14,455 INFO  org.apache.flink.configuration.GlobalConfiguration           [] - Using standard YAML parser to load flink configuration file from /Users/mmm/Desktop/phase/flink-1.20.0/conf/config.yaml.
2025-02-03 22:13:14,642 INFO  org.apache.flink.configuration.GlobalConfiguration           [] - Loading configuration property: taskmanager.memory.process.size, 1728m
2025-02-03 22:13:14,643 INFO  org.apache.flink.configuration.GlobalConfiguration           [] - Loading configuration property: taskmanager.bind-host, localhost
2025-02-03 22:13:14,643 INFO  org.apache.flink.configuration.GlobalConfiguration           [] - Loading configuration property: jobmanager.execution.failover-strategy, region
2025-02-03 22:13:14,644 INFO  org.apache.flink.configuration.GlobalConfiguration           [] - Loading configuration property: jobmanager.rpc.address, localhost
2025-02-03 22:13:14,645 INFO  org.apache.flink.configuration.GlobalConfiguration           [] - Loading configuration property: jobmanager.memory.process.size, 1600m
2025-02-03 22:13:14,645 INFO  org.apache.flink.configuration.GlobalConfiguration           [] - Loading configuration property: jobmanager.rpc.port, 6123
2025-02-03 22:13:14,645 INFO  org.apache.flink.configuration.GlobalConfiguration           [] - Loading configuration property: rest.bind-address, localhost
2025-02-03 22:13:14,645 INFO  org.apache.flink.configuration.GlobalConfiguration           [] - Loading configuration property: jobmanager.bind-host, localhost
2025-02-03 22:13:14,645 INFO  org.apache.flink.configuration.GlobalConfiguration           [] - Loading configuration property: taskmanager.host, localhost
2025-02-03 22:13:14,645 INFO  org.apache.flink.configuration.GlobalConfiguration           [] - Loading configuration property: parallelism.default, 1
2025-02-03 22:13:14,646 INFO  org.apache.flink.configuration.GlobalConfiguration           [] - Loading configuration property: taskmanager.numberOfTaskSlots, 1
2025-02-03 22:13:14,646 INFO  org.apache.flink.configuration.GlobalConfiguration           [] - Loading configuration property: rest.address, localhost
2025-02-03 22:13:14,646 INFO  org.apache.flink.configuration.GlobalConfiguration           [] - Loading configuration property: env.java.opts.all, --add-exports=java.base/sun.net.util=ALL-UNNAMED --add-exports=java.rmi/sun.rmi.registry=ALL-UNNAMED --add-exports=jdk.compiler/com.sun.tools.javac.api=ALL-UNNAMED --add-exports=jdk.compiler/com.sun.tools.javac.file=ALL-UNNAMED --add-exports=jdk.compiler/com.sun.tools.javac.parser=ALL-UNNAMED --add-exports=jdk.compiler/com.sun.tools.javac.tree=ALL-UNNAMED --add-exports=jdk.compiler/com.sun.tools.javac.util=ALL-UNNAMED --add-exports=java.security.jgss/sun.security.krb5=ALL-UNNAMED --add-opens=java.base/java.lang=ALL-UNNAMED --add-opens=java.base/java.net=ALL-UNNAMED --add-opens=java.base/java.io=ALL-UNNAMED --add-opens=java.base/java.nio=ALL-UNNAMED --add-opens=java.base/sun.nio.ch=ALL-UNNAMED --add-opens=java.base/java.lang.reflect=ALL-UNNAMED --add-opens=java.base/java.text=ALL-UNNAMED --add-opens=java.base/java.time=ALL-UNNAMED --add-opens=java.base/java.util=ALL-UNNAMED --add-opens=java.base/java.util.concurrent=ALL-UNNAMED --add-opens=java.base/java.util.concurrent.atomic=ALL-UNNAMED --add-opens=java.base/java.util.concurrent.locks=ALL-UNNAMED
2025-02-03 22:13:14,646 INFO  org.apache.flink.configuration.GlobalConfiguration           [] - Loading dynamic configuration property: taskmanager.memory.network.min, 134217730b
2025-02-03 22:13:14,646 INFO  org.apache.flink.configuration.GlobalConfiguration           [] - Loading dynamic configuration property: taskmanager.memory.jvm-metaspace.size, 268435456b
2025-02-03 22:13:14,647 INFO  org.apache.flink.configuration.GlobalConfiguration           [] - Loading dynamic configuration property: taskmanager.memory.task.off-heap.size, 0b
2025-02-03 22:13:14,647 INFO  org.apache.flink.configuration.GlobalConfiguration           [] - Loading dynamic configuration property: taskmanager.cpu.cores, 1.0
2025-02-03 22:13:14,647 INFO  org.apache.flink.configuration.GlobalConfiguration           [] - Loading dynamic configuration property: external-resources, none
2025-02-03 22:13:14,647 INFO  org.apache.flink.configuration.GlobalConfiguration           [] - Loading dynamic configuration property: taskmanager.memory.jvm-overhead.min, 201326592b
2025-02-03 22:13:14,647 INFO  org.apache.flink.configuration.GlobalConfiguration           [] - Loading dynamic configuration property: taskmanager.memory.framework.off-heap.size, 134217728b
2025-02-03 22:13:14,647 INFO  org.apache.flink.configuration.GlobalConfiguration           [] - Loading dynamic configuration property: taskmanager.memory.network.max, 134217730b
2025-02-03 22:13:14,650 INFO  org.apache.flink.configuration.GlobalConfiguration           [] - Loading dynamic configuration property: taskmanager.memory.framework.heap.size, 134217728b
2025-02-03 22:13:14,652 INFO  org.apache.flink.configuration.GlobalConfiguration           [] - Loading dynamic configuration property: taskmanager.memory.managed.size, 536870920b
2025-02-03 22:13:14,653 INFO  org.apache.flink.configuration.GlobalConfiguration           [] - Loading dynamic configuration property: taskmanager.memory.task.heap.size, 402653174b
2025-02-03 22:13:14,653 INFO  org.apache.flink.configuration.GlobalConfiguration           [] - Loading dynamic configuration property: taskmanager.numberOfTaskSlots, 1
2025-02-03 22:13:14,653 INFO  org.apache.flink.configuration.GlobalConfiguration           [] - Loading dynamic configuration property: taskmanager.memory.jvm-overhead.max, 201326592b
2025-02-03 22:13:14,806 INFO  org.apache.flink.core.fs.FileSystem                          [] - Hadoop is not in the classpath/dependencies. The extended set of supported File Systems via Hadoop is not available.
2025-02-03 22:13:14,860 INFO  org.apache.flink.core.plugin.DefaultPluginManager            [] - Plugin loader with ID not found, creating it: metrics-statsd
2025-02-03 22:13:14,877 INFO  org.apache.flink.core.plugin.DefaultPluginManager            [] - Plugin loader with ID not found, creating it: metrics-prometheus
2025-02-03 22:13:14,878 INFO  org.apache.flink.core.plugin.DefaultPluginManager            [] - Plugin loader with ID not found, creating it: metrics-graphite
2025-02-03 22:13:14,878 INFO  org.apache.flink.core.plugin.DefaultPluginManager            [] - Plugin loader with ID not found, creating it: external-resource-gpu
2025-02-03 22:13:14,879 INFO  org.apache.flink.core.plugin.DefaultPluginManager            [] - Plugin loader with ID not found, creating it: metrics-jmx
2025-02-03 22:13:14,879 INFO  org.apache.flink.core.plugin.DefaultPluginManager            [] - Plugin loader with ID not found, creating it: metrics-influx
2025-02-03 22:13:14,880 INFO  org.apache.flink.core.plugin.DefaultPluginManager            [] - Plugin loader with ID not found, creating it: metrics-slf4j
2025-02-03 22:13:14,880 INFO  org.apache.flink.core.plugin.DefaultPluginManager            [] - Plugin loader with ID not found, creating it: metrics-datadog
2025-02-03 22:13:14,943 INFO  org.apache.flink.runtime.state.changelog.StateChangelogStorageLoader [] - StateChangelogStorageLoader initialized with shortcut names {memory,filesystem}.
2025-02-03 22:13:14,943 INFO  org.apache.flink.core.plugin.DefaultPluginManager            [] - Plugin loader with ID found, reusing it: metrics-statsd
2025-02-03 22:13:14,943 INFO  org.apache.flink.core.plugin.DefaultPluginManager            [] - Plugin loader with ID found, reusing it: metrics-prometheus
2025-02-03 22:13:14,943 INFO  org.apache.flink.core.plugin.DefaultPluginManager            [] - Plugin loader with ID found, reusing it: metrics-graphite
2025-02-03 22:13:14,944 INFO  org.apache.flink.core.plugin.DefaultPluginManager            [] - Plugin loader with ID found, reusing it: external-resource-gpu
2025-02-03 22:13:14,944 INFO  org.apache.flink.core.plugin.DefaultPluginManager            [] - Plugin loader with ID found, reusing it: metrics-jmx
2025-02-03 22:13:14,944 INFO  org.apache.flink.core.plugin.DefaultPluginManager            [] - Plugin loader with ID found, reusing it: metrics-influx
2025-02-03 22:13:14,944 INFO  org.apache.flink.core.plugin.DefaultPluginManager            [] - Plugin loader with ID found, reusing it: metrics-slf4j
2025-02-03 22:13:14,945 INFO  org.apache.flink.core.plugin.DefaultPluginManager            [] - Plugin loader with ID found, reusing it: metrics-datadog
2025-02-03 22:13:14,949 INFO  org.apache.flink.runtime.state.changelog.StateChangelogStorageLoader [] - StateChangelogStorageLoader initialized with shortcut names {memory,filesystem}.
2025-02-03 22:13:15,026 INFO  org.apache.flink.runtime.security.modules.HadoopModuleFactory [] - Cannot create Hadoop Security Module because Hadoop cannot be found in the Classpath.
2025-02-03 22:13:15,823 INFO  org.apache.flink.runtime.security.modules.JaasModule         [] - Jaas file will be created as /var/folders/22/6srzzk790f166c5mtc1vl2500000gn/T/jaas-1877604524049980719.conf.
2025-02-03 22:13:15,837 INFO  org.apache.flink.runtime.security.contexts.HadoopSecurityContextFactory [] - Cannot install HadoopSecurityContext because Hadoop cannot be found in the Classpath.
2025-02-03 22:13:17,073 INFO  org.apache.flink.runtime.taskexecutor.TaskManagerRunner      [] - Using configured hostname/address for TaskManager: localhost.
2025-02-03 22:13:17,197 INFO  org.apache.flink.runtime.rpc.pekko.PekkoRpcServiceUtils      [] - Trying to start actor system, external address localhost:0, bind address localhost:0.
2025-02-03 22:13:19,797 INFO  org.apache.pekko.event.slf4j.Slf4jLogger                     [] - Slf4jLogger started
2025-02-03 22:13:19,898 INFO  org.apache.pekko.remote.RemoteActorRefProvider               [] - Pekko Cluster not in use - enabling unsafe features anyway because `pekko.remote.use-unsafe-remote-features-outside-cluster` has been enabled.
2025-02-03 22:13:19,899 INFO  org.apache.pekko.remote.Remoting                             [] - Starting remoting
2025-02-03 22:13:20,386 INFO  org.apache.pekko.remote.Remoting                             [] - Remoting started; listening on addresses :[pekko.tcp://flink@localhost:58280]
2025-02-03 22:13:20,696 INFO  org.apache.flink.runtime.rpc.pekko.PekkoRpcServiceUtils      [] - Actor system started at pekko.tcp://flink@localhost:58280
2025-02-03 22:13:20,758 INFO  org.apache.flink.runtime.taskexecutor.TaskManagerRunner      [] - Using working directory: WorkingDirectory(/var/folders/22/6srzzk790f166c5mtc1vl2500000gn/T/tm_localhost:58280-115670)
2025-02-03 22:13:20,789 INFO  org.apache.flink.runtime.metrics.MetricRegistryImpl          [] - No metrics reporter configured, no metrics will be exposed/reported.
2025-02-03 22:13:20,790 INFO  org.apache.flink.runtime.metrics.MetricRegistryImpl          [] - No trace reporter configured, no metrics will be exposed/reported.
2025-02-03 22:13:20,802 INFO  org.apache.flink.runtime.rpc.pekko.PekkoRpcServiceUtils      [] - Trying to start actor system, external address localhost:0, bind address localhost:0.
2025-02-03 22:13:20,840 INFO  org.apache.pekko.event.slf4j.Slf4jLogger                     [] - Slf4jLogger started
2025-02-03 22:13:20,850 INFO  org.apache.pekko.remote.RemoteActorRefProvider               [] - Pekko Cluster not in use - enabling unsafe features anyway because `pekko.remote.use-unsafe-remote-features-outside-cluster` has been enabled.
2025-02-03 22:13:20,851 INFO  org.apache.pekko.remote.Remoting                             [] - Starting remoting
2025-02-03 22:13:20,882 INFO  org.apache.pekko.remote.Remoting                             [] - Remoting started; listening on addresses :[pekko.tcp://flink-metrics@localhost:58281]
2025-02-03 22:13:20,920 INFO  org.apache.flink.runtime.rpc.pekko.PekkoRpcServiceUtils      [] - Actor system started at pekko.tcp://flink-metrics@localhost:58281
2025-02-03 22:13:20,975 INFO  org.apache.flink.runtime.rpc.pekko.PekkoRpcService           [] - Starting RPC endpoint for org.apache.flink.runtime.metrics.dump.MetricQueryService at pekko://flink-metrics/user/rpc/MetricQueryService_localhost:58280-115670 .
2025-02-03 22:13:21,074 INFO  org.apache.flink.runtime.blob.PermanentBlobCache             [] - Created BLOB cache storage directory /var/folders/22/6srzzk790f166c5mtc1vl2500000gn/T/tm_localhost:58280-115670/blobStorage
2025-02-03 22:13:21,092 INFO  org.apache.flink.runtime.blob.TransientBlobCache             [] - Created BLOB cache storage directory /var/folders/22/6srzzk790f166c5mtc1vl2500000gn/T/tm_localhost:58280-115670/blobStorage
2025-02-03 22:13:21,100 INFO  org.apache.flink.runtime.externalresource.ExternalResourceUtils [] - Enabled external resources: []
2025-02-03 22:13:21,102 INFO  org.apache.flink.runtime.security.token.DelegationTokenReceiverRepository [] - Loading delegation token receivers
2025-02-03 22:13:21,113 INFO  org.apache.flink.runtime.security.token.DelegationTokenReceiverRepository [] - Delegation token receiver hadoopfs loaded and initialized
2025-02-03 22:13:21,114 INFO  org.apache.flink.runtime.security.token.DelegationTokenReceiverRepository [] - Delegation token receiver hbase loaded and initialized
2025-02-03 22:13:21,115 INFO  org.apache.flink.core.plugin.DefaultPluginManager            [] - Plugin loader with ID found, reusing it: metrics-statsd
2025-02-03 22:13:21,115 INFO  org.apache.flink.core.plugin.DefaultPluginManager            [] - Plugin loader with ID found, reusing it: metrics-prometheus
2025-02-03 22:13:21,115 INFO  org.apache.flink.core.plugin.DefaultPluginManager            [] - Plugin loader with ID found, reusing it: metrics-graphite
2025-02-03 22:13:21,117 INFO  org.apache.flink.core.plugin.DefaultPluginManager            [] - Plugin loader with ID found, reusing it: external-resource-gpu
2025-02-03 22:13:21,117 INFO  org.apache.flink.core.plugin.DefaultPluginManager            [] - Plugin loader with ID found, reusing it: metrics-jmx
2025-02-03 22:13:21,117 INFO  org.apache.flink.core.plugin.DefaultPluginManager            [] - Plugin loader with ID found, reusing it: metrics-influx
2025-02-03 22:13:21,118 INFO  org.apache.flink.core.plugin.DefaultPluginManager            [] - Plugin loader with ID found, reusing it: metrics-slf4j
2025-02-03 22:13:21,119 INFO  org.apache.flink.core.plugin.DefaultPluginManager            [] - Plugin loader with ID found, reusing it: metrics-datadog
2025-02-03 22:13:21,120 INFO  org.apache.flink.runtime.security.token.DelegationTokenReceiverRepository [] - Delegation token receivers loaded successfully
2025-02-03 22:13:21,120 INFO  org.apache.flink.runtime.taskexecutor.TaskManagerRunner      [] - Starting TaskManager with ResourceID: localhost:58280-115670
2025-02-03 22:13:21,250 INFO  org.apache.flink.runtime.taskexecutor.TaskManagerServices    [] - Temporary file directory '/var/folders/22/6srzzk790f166c5mtc1vl2500000gn/T': total 465 GB, usable 24 GB (5.16% usable)
2025-02-03 22:13:21,272 INFO  org.apache.flink.runtime.io.disk.iomanager.IOManager         [] - Created a new FileChannelManager for spilling of task related data to disk (joins, sorting, ...). Used directories:
	/var/folders/22/6srzzk790f166c5mtc1vl2500000gn/T/flink-io-d84e14fc-4049-4789-bb43-3e7dde8b329b
2025-02-03 22:13:21,310 INFO  org.apache.flink.runtime.io.network.netty.NettyConfig        [] - NettyConfig [server address: localhost/127.0.0.1, server port range: 0, ssl enabled: false, memory segment size (bytes): 32768, transport type: AUTO, number of server threads: 1 (manual), number of client threads: 1 (manual), server connect backlog: 0 (use Netty's default), client connect timeout (sec): 120, send/receive buffer size (bytes): 0 (use Netty's default)]
2025-02-03 22:13:21,653 INFO  org.apache.flink.runtime.io.network.NettyShuffleServiceFactory [] - Created a new FileChannelManager for storing result partitions of BLOCKING shuffles. Used directories:
	/var/folders/22/6srzzk790f166c5mtc1vl2500000gn/T/flink-netty-shuffle-8f1f132c-21e6-4864-9e76-e9b1c61dad15
2025-02-03 22:13:22,275 INFO  org.apache.flink.runtime.io.network.buffer.NetworkBufferPool [] - Allocated 128 MB for network buffer pool (number of memory segments: 4096, bytes per segment: 32768).
2025-02-03 22:13:22,325 INFO  org.apache.flink.runtime.io.network.NettyShuffleEnvironment  [] - Starting the network environment and its components.
2025-02-03 22:13:22,494 INFO  org.apache.flink.runtime.io.network.netty.NettyClient        [] - Transport type 'auto': using NIO.
2025-02-03 22:13:22,502 INFO  org.apache.flink.runtime.io.network.netty.NettyClient        [] - Successful initialization (took 176 ms).
2025-02-03 22:13:22,521 INFO  org.apache.flink.runtime.io.network.netty.NettyServer        [] - Transport type 'auto': using NIO.
2025-02-03 22:13:22,681 INFO  org.apache.flink.runtime.io.network.netty.NettyServer        [] - Successful initialization (took 174 ms). Listening on SocketAddress /127.0.0.1:58293.
2025-02-03 22:13:22,681 INFO  org.apache.flink.runtime.taskexecutor.TaskManagerServices    [] - TaskManager data connection initialized successfully; listening internally on port: 58293
2025-02-03 22:13:22,685 INFO  org.apache.flink.runtime.taskexecutor.KvStateService         [] - Starting the kvState service and its components.
2025-02-03 22:13:22,842 INFO  org.apache.flink.runtime.rpc.pekko.PekkoRpcService           [] - Starting RPC endpoint for org.apache.flink.runtime.taskexecutor.TaskExecutor at pekko://flink/user/rpc/taskmanager_0 .
2025-02-03 22:13:22,992 INFO  org.apache.flink.runtime.taskexecutor.DefaultJobLeaderService [] - Start job leader service.
2025-02-03 22:13:22,998 INFO  org.apache.flink.runtime.filecache.FileCache                 [] - User file cache uses directory /var/folders/22/6srzzk790f166c5mtc1vl2500000gn/T/flink-dist-cache-5cf101ab-79cd-4acd-830a-021822914246
2025-02-03 22:13:23,008 INFO  org.apache.flink.runtime.taskexecutor.TaskExecutor           [] - Connecting to ResourceManager pekko.tcp://flink@localhost:6123/user/rpc/resourcemanager_*(00000000000000000000000000000000).
2025-02-03 22:13:25,305 INFO  org.apache.flink.runtime.taskexecutor.TaskExecutor           [] - Resolved ResourceManager address, beginning registration
2025-02-03 22:13:25,864 INFO  org.apache.flink.runtime.taskexecutor.TaskExecutor           [] - Successful registration at resource manager pekko.tcp://flink@localhost:6123/user/rpc/resourcemanager_* under registration id c1afd6dcd5a7aeed79abe33b8079215f.
2025-02-03 22:13:43,470 INFO  org.apache.flink.runtime.taskexecutor.TaskExecutor           [] - Receive slot request b0c1d5796e3c24361dfb7dfbe1e5317d for job 064d3834c9fd4e8c66dfcb7adafc95e0 from resource manager with leader id 00000000000000000000000000000000.
2025-02-03 22:13:43,529 INFO  org.apache.flink.runtime.taskexecutor.slot.TaskSlotTableImpl [] - Allocated slot for b0c1d5796e3c24361dfb7dfbe1e5317d with resources ResourceProfile{cpuCores=1, taskHeapMemory=384.000mb (402653174 bytes), taskOffHeapMemory=0 bytes, managedMemory=512.000mb (536870920 bytes), networkMemory=128.000mb (134217730 bytes)}.
2025-02-03 22:13:43,737 INFO  org.apache.flink.runtime.taskexecutor.DefaultJobLeaderService [] - Add job 064d3834c9fd4e8c66dfcb7adafc95e0 for job leader monitoring.
2025-02-03 22:13:43,753 INFO  org.apache.flink.runtime.taskexecutor.DefaultJobLeaderService [] - Try to register at job manager pekko.tcp://flink@localhost:6123/user/rpc/jobmanager_4 with leader id 00000000-0000-0000-0000-000000000000.
2025-02-03 22:13:43,923 INFO  org.apache.flink.runtime.taskexecutor.DefaultJobLeaderService [] - Resolved JobManager address, beginning registration
2025-02-03 22:13:43,992 INFO  org.apache.flink.runtime.taskexecutor.DefaultJobLeaderService [] - Successful registration at job manager pekko.tcp://flink@localhost:6123/user/rpc/jobmanager_4 for job 064d3834c9fd4e8c66dfcb7adafc95e0.
2025-02-03 22:13:43,995 INFO  org.apache.flink.runtime.taskexecutor.TaskExecutor           [] - Establish JobManager connection for job 064d3834c9fd4e8c66dfcb7adafc95e0.
2025-02-03 22:13:44,006 INFO  org.apache.flink.runtime.taskexecutor.TaskExecutor           [] - Offer reserved slots to the leader of job 064d3834c9fd4e8c66dfcb7adafc95e0.
2025-02-03 22:13:44,086 INFO  org.apache.flink.runtime.taskexecutor.slot.TaskSlotTableImpl [] - Activate slot b0c1d5796e3c24361dfb7dfbe1e5317d.
2025-02-03 22:13:44,240 INFO  org.apache.flink.runtime.state.changelog.StateChangelogStorageLoader [] - Creating a changelog storage with name 'memory'.
2025-02-03 22:13:44,411 INFO  org.apache.flink.runtime.state.TaskExecutorChannelStateExecutorFactoryManager [] - Creating the channel state executor factory for job id 064d3834c9fd4e8c66dfcb7adafc95e0
2025-02-03 22:13:44,463 INFO  org.apache.flink.runtime.taskexecutor.TaskExecutor           [] - Received task Source: Kafka Source -> Sink: Writer -> Sink: Committer (1/1)#0 (24f3b89fbd4b62c07e54e7b234160ade_cbc357ccb763df2852fee8c4fc7d55f2_0_0), deploy into slot with allocation id b0c1d5796e3c24361dfb7dfbe1e5317d.
2025-02-03 22:13:44,465 INFO  org.apache.flink.runtime.taskmanager.Task                    [] - Source: Kafka Source -> Sink: Writer -> Sink: Committer (1/1)#0 (24f3b89fbd4b62c07e54e7b234160ade_cbc357ccb763df2852fee8c4fc7d55f2_0_0) switched from CREATED to DEPLOYING.
2025-02-03 22:13:44,484 INFO  org.apache.flink.runtime.taskexecutor.slot.TaskSlotTableImpl [] - Activate slot b0c1d5796e3c24361dfb7dfbe1e5317d.
2025-02-03 22:13:44,490 INFO  org.apache.flink.runtime.taskexecutor.slot.TaskSlotTableImpl [] - Activate slot b0c1d5796e3c24361dfb7dfbe1e5317d.
2025-02-03 22:13:44,508 INFO  org.apache.flink.runtime.taskexecutor.TaskExecutor           [] - Received task Source: Processed Results Source -> Map -> Sink: Writer -> Sink: Committer (1/1)#0 (24f3b89fbd4b62c07e54e7b234160ade_6cdc5bb954874d922eaee11a8e7b5dd5_0_0), deploy into slot with allocation id b0c1d5796e3c24361dfb7dfbe1e5317d.
2025-02-03 22:13:44,522 INFO  org.apache.flink.runtime.taskmanager.Task                    [] - Source: Processed Results Source -> Map -> Sink: Writer -> Sink: Committer (1/1)#0 (24f3b89fbd4b62c07e54e7b234160ade_6cdc5bb954874d922eaee11a8e7b5dd5_0_0) switched from CREATED to DEPLOYING.
2025-02-03 22:13:44,524 INFO  org.apache.flink.runtime.taskmanager.Task                    [] - Loading JAR files for task Source: Kafka Source -> Sink: Writer -> Sink: Committer (1/1)#0 (24f3b89fbd4b62c07e54e7b234160ade_cbc357ccb763df2852fee8c4fc7d55f2_0_0) [DEPLOYING].
2025-02-03 22:13:44,524 INFO  org.apache.flink.runtime.taskmanager.Task                    [] - Loading JAR files for task Source: Processed Results Source -> Map -> Sink: Writer -> Sink: Committer (1/1)#0 (24f3b89fbd4b62c07e54e7b234160ade_6cdc5bb954874d922eaee11a8e7b5dd5_0_0) [DEPLOYING].
2025-02-03 22:13:44,544 INFO  org.apache.flink.runtime.blob.BlobClient                     [] - Downloading 064d3834c9fd4e8c66dfcb7adafc95e0/p-2c4f105271f349da8b444c6de9d49ae07a226dc1-ca5eaa04b03e0bf6c46d83e810a0813c from localhost/127.0.0.1:64242
2025-02-03 22:13:47,534 INFO  org.apache.flink.streaming.runtime.tasks.StreamTask          [] - State backend is set to heap memory org.apache.flink.runtime.state.hashmap.HashMapStateBackend@14f71a45
2025-02-03 22:13:47,534 INFO  org.apache.flink.runtime.state.StateBackendLoader            [] - State backend loader loads the state backend as HashMapStateBackend
2025-02-03 22:13:47,535 INFO  org.apache.flink.streaming.runtime.tasks.StreamTask          [] - State backend is set to heap memory org.apache.flink.runtime.state.hashmap.HashMapStateBackend@1f88968e
2025-02-03 22:13:47,535 INFO  org.apache.flink.runtime.state.StateBackendLoader            [] - State backend loader loads the state backend as HashMapStateBackend
2025-02-03 22:13:47,541 INFO  org.apache.flink.streaming.runtime.tasks.StreamTask          [] - Checkpoint storage is set to 'jobmanager'
2025-02-03 22:13:47,541 INFO  org.apache.flink.streaming.runtime.tasks.StreamTask          [] - Checkpoint storage is set to 'jobmanager'
2025-02-03 22:13:47,595 INFO  org.apache.flink.runtime.taskmanager.Task                    [] - Source: Kafka Source -> Sink: Writer -> Sink: Committer (1/1)#0 (24f3b89fbd4b62c07e54e7b234160ade_cbc357ccb763df2852fee8c4fc7d55f2_0_0) switched from DEPLOYING to INITIALIZING.
2025-02-03 22:13:47,595 INFO  org.apache.flink.runtime.taskmanager.Task                    [] - Source: Processed Results Source -> Map -> Sink: Writer -> Sink: Committer (1/1)#0 (24f3b89fbd4b62c07e54e7b234160ade_6cdc5bb954874d922eaee11a8e7b5dd5_0_0) switched from DEPLOYING to INITIALIZING.
2025-02-03 22:13:48,366 INFO  org.apache.flink.runtime.state.StateBackendLoader            [] - State backend is set to heap memory org.apache.flink.runtime.state.hashmap.HashMapStateBackend@6cf56d06
2025-02-03 22:13:48,366 INFO  org.apache.flink.runtime.state.StateBackendLoader            [] - State backend is set to heap memory org.apache.flink.runtime.state.hashmap.HashMapStateBackend@76c54f7
2025-02-03 22:13:48,482 INFO  org.apache.flink.runtime.state.StateBackendLoader            [] - State backend is set to heap memory org.apache.flink.runtime.state.hashmap.HashMapStateBackend@7dbb3b85
2025-02-03 22:13:48,482 INFO  org.apache.flink.runtime.state.StateBackendLoader            [] - State backend is set to heap memory org.apache.flink.runtime.state.hashmap.HashMapStateBackend@75528cd4
2025-02-03 22:13:50,081 INFO  org.apache.kafka.clients.producer.ProducerConfig             [] - ProducerConfig values: 
	acks = -1
	auto.include.jmx.reporter = true
	batch.size = 16384
	bootstrap.servers = [localhost:9092]
	buffer.memory = 33554432
	client.dns.lookup = use_all_dns_ips
	client.id = producer-1
	compression.gzip.level = -1
	compression.lz4.level = 9
	compression.type = none
	compression.zstd.level = 3
	connections.max.idle.ms = 540000
	delivery.timeout.ms = 120000
	enable.idempotence = true
	enable.metrics.push = true
	interceptor.classes = []
	key.serializer = class org.apache.kafka.common.serialization.ByteArraySerializer
	linger.ms = 0
	max.block.ms = 60000
	max.in.flight.requests.per.connection = 5
	max.request.size = 1048576
	metadata.max.age.ms = 300000
	metadata.max.idle.ms = 300000
	metadata.recovery.strategy = none
	metric.reporters = []
	metrics.num.samples = 2
	metrics.recording.level = INFO
	metrics.sample.window.ms = 30000
	partitioner.adaptive.partitioning.enable = true
	partitioner.availability.timeout.ms = 0
	partitioner.class = null
	partitioner.ignore.keys = false
	receive.buffer.bytes = 32768
	reconnect.backoff.max.ms = 1000
	reconnect.backoff.ms = 50
	request.timeout.ms = 30000
	retries = 2147483647
	retry.backoff.max.ms = 1000
	retry.backoff.ms = 100
	sasl.client.callback.handler.class = null
	sasl.jaas.config = null
	sasl.kerberos.kinit.cmd = /usr/bin/kinit
	sasl.kerberos.min.time.before.relogin = 60000
	sasl.kerberos.service.name = null
	sasl.kerberos.ticket.renew.jitter = 0.05
	sasl.kerberos.ticket.renew.window.factor = 0.8
	sasl.login.callback.handler.class = null
	sasl.login.class = null
	sasl.login.connect.timeout.ms = null
	sasl.login.read.timeout.ms = null
	sasl.login.refresh.buffer.seconds = 300
	sasl.login.refresh.min.period.seconds = 60
	sasl.login.refresh.window.factor = 0.8
	sasl.login.refresh.window.jitter = 0.05
	sasl.login.retry.backoff.max.ms = 10000
	sasl.login.retry.backoff.ms = 100
	sasl.mechanism = GSSAPI
	sasl.oauthbearer.clock.skew.seconds = 30
	sasl.oauthbearer.expected.audience = null
	sasl.oauthbearer.expected.issuer = null
	sasl.oauthbearer.jwks.endpoint.refresh.ms = 3600000
	sasl.oauthbearer.jwks.endpoint.retry.backoff.max.ms = 10000
	sasl.oauthbearer.jwks.endpoint.retry.backoff.ms = 100
	sasl.oauthbearer.jwks.endpoint.url = null
	sasl.oauthbearer.scope.claim.name = scope
	sasl.oauthbearer.sub.claim.name = sub
	sasl.oauthbearer.token.endpoint.url = null
	security.protocol = PLAINTEXT
	security.providers = null
	send.buffer.bytes = 131072
	socket.connection.setup.timeout.max.ms = 30000
	socket.connection.setup.timeout.ms = 10000
	ssl.cipher.suites = null
	ssl.enabled.protocols = [TLSv1.2, TLSv1.3]
	ssl.endpoint.identification.algorithm = https
	ssl.engine.factory.class = null
	ssl.key.password = null
	ssl.keymanager.algorithm = SunX509
	ssl.keystore.certificate.chain = null
	ssl.keystore.key = null
	ssl.keystore.location = null
	ssl.keystore.password = null
	ssl.keystore.type = JKS
	ssl.protocol = TLSv1.3
	ssl.provider = null
	ssl.secure.random.implementation = null
	ssl.trustmanager.algorithm = PKIX
	ssl.truststore.certificates = null
	ssl.truststore.location = null
	ssl.truststore.password = null
	ssl.truststore.type = JKS
	transaction.timeout.ms = 3600000
	transactional.id = null
	value.serializer = class org.apache.kafka.common.serialization.ByteArraySerializer

2025-02-03 22:13:50,081 INFO  org.apache.kafka.clients.producer.ProducerConfig             [] - ProducerConfig values: 
	acks = -1
	auto.include.jmx.reporter = true
	batch.size = 16384
	bootstrap.servers = [localhost:9092]
	buffer.memory = 33554432
	client.dns.lookup = use_all_dns_ips
	client.id = producer-2
	compression.gzip.level = -1
	compression.lz4.level = 9
	compression.type = none
	compression.zstd.level = 3
	connections.max.idle.ms = 540000
	delivery.timeout.ms = 120000
	enable.idempotence = true
	enable.metrics.push = true
	interceptor.classes = []
	key.serializer = class org.apache.kafka.common.serialization.ByteArraySerializer
	linger.ms = 0
	max.block.ms = 60000
	max.in.flight.requests.per.connection = 5
	max.request.size = 1048576
	metadata.max.age.ms = 300000
	metadata.max.idle.ms = 300000
	metadata.recovery.strategy = none
	metric.reporters = []
	metrics.num.samples = 2
	metrics.recording.level = INFO
	metrics.sample.window.ms = 30000
	partitioner.adaptive.partitioning.enable = true
	partitioner.availability.timeout.ms = 0
	partitioner.class = null
	partitioner.ignore.keys = false
	receive.buffer.bytes = 32768
	reconnect.backoff.max.ms = 1000
	reconnect.backoff.ms = 50
	request.timeout.ms = 30000
	retries = 2147483647
	retry.backoff.max.ms = 1000
	retry.backoff.ms = 100
	sasl.client.callback.handler.class = null
	sasl.jaas.config = null
	sasl.kerberos.kinit.cmd = /usr/bin/kinit
	sasl.kerberos.min.time.before.relogin = 60000
	sasl.kerberos.service.name = null
	sasl.kerberos.ticket.renew.jitter = 0.05
	sasl.kerberos.ticket.renew.window.factor = 0.8
	sasl.login.callback.handler.class = null
	sasl.login.class = null
	sasl.login.connect.timeout.ms = null
	sasl.login.read.timeout.ms = null
	sasl.login.refresh.buffer.seconds = 300
	sasl.login.refresh.min.period.seconds = 60
	sasl.login.refresh.window.factor = 0.8
	sasl.login.refresh.window.jitter = 0.05
	sasl.login.retry.backoff.max.ms = 10000
	sasl.login.retry.backoff.ms = 100
	sasl.mechanism = GSSAPI
	sasl.oauthbearer.clock.skew.seconds = 30
	sasl.oauthbearer.expected.audience = null
	sasl.oauthbearer.expected.issuer = null
	sasl.oauthbearer.jwks.endpoint.refresh.ms = 3600000
	sasl.oauthbearer.jwks.endpoint.retry.backoff.max.ms = 10000
	sasl.oauthbearer.jwks.endpoint.retry.backoff.ms = 100
	sasl.oauthbearer.jwks.endpoint.url = null
	sasl.oauthbearer.scope.claim.name = scope
	sasl.oauthbearer.sub.claim.name = sub
	sasl.oauthbearer.token.endpoint.url = null
	security.protocol = PLAINTEXT
	security.providers = null
	send.buffer.bytes = 131072
	socket.connection.setup.timeout.max.ms = 30000
	socket.connection.setup.timeout.ms = 10000
	ssl.cipher.suites = null
	ssl.enabled.protocols = [TLSv1.2, TLSv1.3]
	ssl.endpoint.identification.algorithm = https
	ssl.engine.factory.class = null
	ssl.key.password = null
	ssl.keymanager.algorithm = SunX509
	ssl.keystore.certificate.chain = null
	ssl.keystore.key = null
	ssl.keystore.location = null
	ssl.keystore.password = null
	ssl.keystore.type = JKS
	ssl.protocol = TLSv1.3
	ssl.provider = null
	ssl.secure.random.implementation = null
	ssl.trustmanager.algorithm = PKIX
	ssl.truststore.certificates = null
	ssl.truststore.location = null
	ssl.truststore.password = null
	ssl.truststore.type = JKS
	transaction.timeout.ms = 3600000
	transactional.id = null
	value.serializer = class org.apache.kafka.common.serialization.ByteArraySerializer

2025-02-03 22:13:50,179 INFO  org.apache.kafka.common.telemetry.internals.KafkaMetricsCollector [] - initializing Kafka metrics collector
2025-02-03 22:13:50,179 INFO  org.apache.kafka.common.telemetry.internals.KafkaMetricsCollector [] - initializing Kafka metrics collector
2025-02-03 22:13:50,244 INFO  org.apache.kafka.clients.producer.KafkaProducer              [] - [Producer clientId=producer-2] Instantiated an idempotent producer.
2025-02-03 22:13:50,244 INFO  org.apache.kafka.clients.producer.KafkaProducer              [] - [Producer clientId=producer-1] Instantiated an idempotent producer.
2025-02-03 22:13:50,448 INFO  org.apache.kafka.common.utils.AppInfoParser                  [] - Kafka version: 3.8.0
2025-02-03 22:13:50,449 INFO  org.apache.kafka.common.utils.AppInfoParser                  [] - Kafka commitId: 771b9576b00ecf5b
2025-02-03 22:13:50,449 INFO  org.apache.kafka.common.utils.AppInfoParser                  [] - Kafka startTimeMs: 1738608230442
2025-02-03 22:13:50,454 INFO  org.apache.kafka.common.utils.AppInfoParser                  [] - Kafka version: 3.8.0
2025-02-03 22:13:50,455 INFO  org.apache.kafka.common.utils.AppInfoParser                  [] - Kafka commitId: 771b9576b00ecf5b
2025-02-03 22:13:50,455 INFO  org.apache.kafka.common.utils.AppInfoParser                  [] - Kafka startTimeMs: 1738608230444
2025-02-03 22:13:50,478 INFO  org.apache.flink.runtime.state.StateBackendLoader            [] - State backend is set to heap memory org.apache.flink.runtime.state.hashmap.HashMapStateBackend@f4b758d
2025-02-03 22:13:50,478 INFO  org.apache.flink.runtime.state.StateBackendLoader            [] - State backend is set to heap memory org.apache.flink.runtime.state.hashmap.HashMapStateBackend@5a5152ef
2025-02-03 22:13:50,487 INFO  org.apache.flink.runtime.state.StateBackendLoader            [] - State backend is set to heap memory org.apache.flink.runtime.state.hashmap.HashMapStateBackend@2958a128
2025-02-03 22:13:50,506 INFO  org.apache.flink.runtime.taskmanager.Task                    [] - Source: Kafka Source -> Sink: Writer -> Sink: Committer (1/1)#0 (24f3b89fbd4b62c07e54e7b234160ade_cbc357ccb763df2852fee8c4fc7d55f2_0_0) switched from INITIALIZING to RUNNING.
2025-02-03 22:13:50,507 INFO  org.apache.flink.runtime.taskmanager.Task                    [] - Source: Processed Results Source -> Map -> Sink: Writer -> Sink: Committer (1/1)#0 (24f3b89fbd4b62c07e54e7b234160ade_6cdc5bb954874d922eaee11a8e7b5dd5_0_0) switched from INITIALIZING to RUNNING.
2025-02-03 22:13:50,551 INFO  org.apache.flink.connector.base.source.reader.SourceReaderBase [] - Adding split(s) to reader: [[Partition: sensor-data-0, StartingOffset: -1, StoppingOffset: -9223372036854775808]]
2025-02-03 22:13:50,552 INFO  org.apache.flink.connector.base.source.reader.SourceReaderBase [] - Adding split(s) to reader: [[Partition: processing_result-0, StartingOffset: -1, StoppingOffset: -9223372036854775808]]
2025-02-03 22:13:50,613 INFO  org.apache.kafka.clients.consumer.ConsumerConfig             [] - ConsumerConfig values: 
	allow.auto.create.topics = true
	auto.commit.interval.ms = 5000
	auto.include.jmx.reporter = true
	auto.offset.reset = latest
	bootstrap.servers = [localhost:9092]
	check.crcs = true
	client.dns.lookup = use_all_dns_ips
	client.id = main-server-0
	client.rack = 
	connections.max.idle.ms = 540000
	default.api.timeout.ms = 60000
	enable.auto.commit = false
	enable.metrics.push = true
	exclude.internal.topics = true
	fetch.max.bytes = 52428800
	fetch.max.wait.ms = 500
	fetch.min.bytes = 1
	group.id = main-server
	group.instance.id = null
	group.protocol = classic
	group.remote.assignor = null
	heartbeat.interval.ms = 3000
	interceptor.classes = []
	internal.leave.group.on.close = true
	internal.throw.on.fetch.stable.offset.unsupported = false
	isolation.level = read_uncommitted
	key.deserializer = class org.apache.kafka.common.serialization.ByteArrayDeserializer
	max.partition.fetch.bytes = 1048576
	max.poll.interval.ms = 300000
	max.poll.records = 500
	metadata.max.age.ms = 300000
	metadata.recovery.strategy = none
	metric.reporters = []
	metrics.num.samples = 2
	metrics.recording.level = INFO
	metrics.sample.window.ms = 30000
	partition.assignment.strategy = [class org.apache.kafka.clients.consumer.RangeAssignor, class org.apache.kafka.clients.consumer.CooperativeStickyAssignor]
	receive.buffer.bytes = 65536
	reconnect.backoff.max.ms = 1000
	reconnect.backoff.ms = 50
	request.timeout.ms = 30000
	retry.backoff.max.ms = 1000
	retry.backoff.ms = 100
	sasl.client.callback.handler.class = null
	sasl.jaas.config = null
	sasl.kerberos.kinit.cmd = /usr/bin/kinit
	sasl.kerberos.min.time.before.relogin = 60000
	sasl.kerberos.service.name = null
	sasl.kerberos.ticket.renew.jitter = 0.05
	sasl.kerberos.ticket.renew.window.factor = 0.8
	sasl.login.callback.handler.class = null
	sasl.login.class = null
	sasl.login.connect.timeout.ms = null
	sasl.login.read.timeout.ms = null
	sasl.login.refresh.buffer.seconds = 300
	sasl.login.refresh.min.period.seconds = 60
	sasl.login.refresh.window.factor = 0.8
	sasl.login.refresh.window.jitter = 0.05
	sasl.login.retry.backoff.max.ms = 10000
	sasl.login.retry.backoff.ms = 100
	sasl.mechanism = GSSAPI
	sasl.oauthbearer.clock.skew.seconds = 30
	sasl.oauthbearer.expected.audience = null
	sasl.oauthbearer.expected.issuer = null
	sasl.oauthbearer.jwks.endpoint.refresh.ms = 3600000
	sasl.oauthbearer.jwks.endpoint.retry.backoff.max.ms = 10000
	sasl.oauthbearer.jwks.endpoint.retry.backoff.ms = 100
	sasl.oauthbearer.jwks.endpoint.url = null
	sasl.oauthbearer.scope.claim.name = scope
	sasl.oauthbearer.sub.claim.name = sub
	sasl.oauthbearer.token.endpoint.url = null
	security.protocol = PLAINTEXT
	security.providers = null
	send.buffer.bytes = 131072
	session.timeout.ms = 45000
	socket.connection.setup.timeout.max.ms = 30000
	socket.connection.setup.timeout.ms = 10000
	ssl.cipher.suites = null
	ssl.enabled.protocols = [TLSv1.2, TLSv1.3]
	ssl.endpoint.identification.algorithm = https
	ssl.engine.factory.class = null
	ssl.key.password = null
	ssl.keymanager.algorithm = SunX509
	ssl.keystore.certificate.chain = null
	ssl.keystore.key = null
	ssl.keystore.location = null
	ssl.keystore.password = null
	ssl.keystore.type = JKS
	ssl.protocol = TLSv1.3
	ssl.provider = null
	ssl.secure.random.implementation = null
	ssl.trustmanager.algorithm = PKIX
	ssl.truststore.certificates = null
	ssl.truststore.location = null
	ssl.truststore.password = null
	ssl.truststore.type = JKS
	value.deserializer = class org.apache.kafka.common.serialization.ByteArrayDeserializer

2025-02-03 22:13:50,614 INFO  org.apache.kafka.clients.consumer.ConsumerConfig             [] - ConsumerConfig values: 
	allow.auto.create.topics = true
	auto.commit.interval.ms = 5000
	auto.include.jmx.reporter = true
	auto.offset.reset = latest
	bootstrap.servers = [localhost:9092]
	check.crcs = true
	client.dns.lookup = use_all_dns_ips
	client.id = result-consumer-0
	client.rack = 
	connections.max.idle.ms = 540000
	default.api.timeout.ms = 60000
	enable.auto.commit = false
	enable.metrics.push = true
	exclude.internal.topics = true
	fetch.max.bytes = 52428800
	fetch.max.wait.ms = 500
	fetch.min.bytes = 1
	group.id = result-consumer
	group.instance.id = null
	group.protocol = classic
	group.remote.assignor = null
	heartbeat.interval.ms = 3000
	interceptor.classes = []
	internal.leave.group.on.close = true
	internal.throw.on.fetch.stable.offset.unsupported = false
	isolation.level = read_uncommitted
	key.deserializer = class org.apache.kafka.common.serialization.ByteArrayDeserializer
	max.partition.fetch.bytes = 1048576
	max.poll.interval.ms = 300000
	max.poll.records = 500
	metadata.max.age.ms = 300000
	metadata.recovery.strategy = none
	metric.reporters = []
	metrics.num.samples = 2
	metrics.recording.level = INFO
	metrics.sample.window.ms = 30000
	partition.assignment.strategy = [class org.apache.kafka.clients.consumer.RangeAssignor, class org.apache.kafka.clients.consumer.CooperativeStickyAssignor]
	receive.buffer.bytes = 65536
	reconnect.backoff.max.ms = 1000
	reconnect.backoff.ms = 50
	request.timeout.ms = 30000
	retry.backoff.max.ms = 1000
	retry.backoff.ms = 100
	sasl.client.callback.handler.class = null
	sasl.jaas.config = null
	sasl.kerberos.kinit.cmd = /usr/bin/kinit
	sasl.kerberos.min.time.before.relogin = 60000
	sasl.kerberos.service.name = null
	sasl.kerberos.ticket.renew.jitter = 0.05
	sasl.kerberos.ticket.renew.window.factor = 0.8
	sasl.login.callback.handler.class = null
	sasl.login.class = null
	sasl.login.connect.timeout.ms = null
	sasl.login.read.timeout.ms = null
	sasl.login.refresh.buffer.seconds = 300
	sasl.login.refresh.min.period.seconds = 60
	sasl.login.refresh.window.factor = 0.8
	sasl.login.refresh.window.jitter = 0.05
	sasl.login.retry.backoff.max.ms = 10000
	sasl.login.retry.backoff.ms = 100
	sasl.mechanism = GSSAPI
	sasl.oauthbearer.clock.skew.seconds = 30
	sasl.oauthbearer.expected.audience = null
	sasl.oauthbearer.expected.issuer = null
	sasl.oauthbearer.jwks.endpoint.refresh.ms = 3600000
	sasl.oauthbearer.jwks.endpoint.retry.backoff.max.ms = 10000
	sasl.oauthbearer.jwks.endpoint.retry.backoff.ms = 100
	sasl.oauthbearer.jwks.endpoint.url = null
	sasl.oauthbearer.scope.claim.name = scope
	sasl.oauthbearer.sub.claim.name = sub
	sasl.oauthbearer.token.endpoint.url = null
	security.protocol = PLAINTEXT
	security.providers = null
	send.buffer.bytes = 131072
	session.timeout.ms = 45000
	socket.connection.setup.timeout.max.ms = 30000
	socket.connection.setup.timeout.ms = 10000
	ssl.cipher.suites = null
	ssl.enabled.protocols = [TLSv1.2, TLSv1.3]
	ssl.endpoint.identification.algorithm = https
	ssl.engine.factory.class = null
	ssl.key.password = null
	ssl.keymanager.algorithm = SunX509
	ssl.keystore.certificate.chain = null
	ssl.keystore.key = null
	ssl.keystore.location = null
	ssl.keystore.password = null
	ssl.keystore.type = JKS
	ssl.protocol = TLSv1.3
	ssl.provider = null
	ssl.secure.random.implementation = null
	ssl.trustmanager.algorithm = PKIX
	ssl.truststore.certificates = null
	ssl.truststore.location = null
	ssl.truststore.password = null
	ssl.truststore.type = JKS
	value.deserializer = class org.apache.kafka.common.serialization.ByteArrayDeserializer

2025-02-03 22:13:50,657 INFO  org.apache.kafka.common.telemetry.internals.KafkaMetricsCollector [] - initializing Kafka metrics collector
2025-02-03 22:13:50,657 INFO  org.apache.kafka.common.telemetry.internals.KafkaMetricsCollector [] - initializing Kafka metrics collector
2025-02-03 22:13:50,845 INFO  org.apache.kafka.clients.consumer.ConsumerConfig             [] - These configurations '[client.id.prefix, partition.discovery.interval.ms]' were supplied but are not used yet.
2025-02-03 22:13:50,845 INFO  org.apache.kafka.clients.consumer.ConsumerConfig             [] - These configurations '[client.id.prefix, partition.discovery.interval.ms]' were supplied but are not used yet.
2025-02-03 22:13:50,846 INFO  org.apache.kafka.common.utils.AppInfoParser                  [] - Kafka version: 3.8.0
2025-02-03 22:13:50,846 INFO  org.apache.kafka.common.utils.AppInfoParser                  [] - Kafka commitId: 771b9576b00ecf5b
2025-02-03 22:13:50,847 INFO  org.apache.kafka.common.utils.AppInfoParser                  [] - Kafka startTimeMs: 1738608230846
2025-02-03 22:13:50,848 INFO  org.apache.kafka.common.utils.AppInfoParser                  [] - Kafka version: 3.8.0
2025-02-03 22:13:50,848 INFO  org.apache.kafka.common.utils.AppInfoParser                  [] - Kafka commitId: 771b9576b00ecf5b
2025-02-03 22:13:50,848 INFO  org.apache.kafka.common.utils.AppInfoParser                  [] - Kafka startTimeMs: 1738608230846
2025-02-03 22:13:50,861 INFO  org.apache.flink.connector.base.source.reader.fetcher.SplitFetcher [] - Starting split fetcher 0
2025-02-03 22:13:50,862 INFO  org.apache.flink.connector.base.source.reader.fetcher.SplitFetcher [] - Starting split fetcher 0
2025-02-03 22:13:50,877 INFO  org.apache.kafka.clients.consumer.internals.LegacyKafkaConsumer [] - [Consumer clientId=result-consumer-0, groupId=result-consumer] Assigned to partition(s): processing_result-0
2025-02-03 22:13:50,877 INFO  org.apache.kafka.clients.consumer.internals.LegacyKafkaConsumer [] - [Consumer clientId=main-server-0, groupId=main-server] Assigned to partition(s): sensor-data-0
2025-02-03 22:13:50,883 INFO  org.apache.kafka.clients.consumer.internals.SubscriptionState [] - [Consumer clientId=main-server-0, groupId=main-server] Seeking to latest offset of partition sensor-data-0
2025-02-03 22:13:50,883 INFO  org.apache.kafka.clients.consumer.internals.SubscriptionState [] - [Consumer clientId=result-consumer-0, groupId=result-consumer] Seeking to latest offset of partition processing_result-0
2025-02-03 22:13:51,551 INFO  org.apache.kafka.clients.Metadata                            [] - [Producer clientId=producer-2] Cluster ID: YVPtzCLrQKaIzGRHoirK7A
2025-02-03 22:13:51,551 INFO  org.apache.kafka.clients.Metadata                            [] - [Producer clientId=producer-1] Cluster ID: YVPtzCLrQKaIzGRHoirK7A
2025-02-03 22:13:51,557 INFO  org.apache.kafka.clients.producer.internals.TransactionManager [] - [Producer clientId=producer-1] ProducerId set to 7001 with epoch 0
2025-02-03 22:13:51,557 INFO  org.apache.kafka.clients.producer.internals.TransactionManager [] - [Producer clientId=producer-2] ProducerId set to 7002 with epoch 0
2025-02-03 22:13:51,557 INFO  org.apache.kafka.clients.Metadata                            [] - [Consumer clientId=main-server-0, groupId=main-server] Cluster ID: YVPtzCLrQKaIzGRHoirK7A
2025-02-03 22:13:51,557 INFO  org.apache.kafka.clients.Metadata                            [] - [Consumer clientId=result-consumer-0, groupId=result-consumer] Cluster ID: YVPtzCLrQKaIzGRHoirK7A
2025-02-03 22:13:51,598 INFO  org.apache.kafka.clients.consumer.internals.SubscriptionState [] - [Consumer clientId=main-server-0, groupId=main-server] Resetting offset for partition sensor-data-0 to position FetchPosition{offset=22030, offsetEpoch=Optional.empty, currentLeader=LeaderAndEpoch{leader=Optional[localhost:9092 (id: 0 rack: null)], epoch=0}}.
2025-02-03 22:13:51,599 INFO  org.apache.kafka.clients.consumer.internals.SubscriptionState [] - [Consumer clientId=result-consumer-0, groupId=result-consumer] Resetting offset for partition processing_result-0 to position FetchPosition{offset=681, offsetEpoch=Optional.empty, currentLeader=LeaderAndEpoch{leader=Optional[localhost:9092 (id: 0 rack: null)], epoch=0}}.
2025-02-03 22:22:51,619 INFO  org.apache.kafka.clients.NetworkClient                       [] - [Consumer clientId=result-consumer-0, groupId=result-consumer] Node -1 disconnected.
2025-02-03 22:22:51,618 INFO  org.apache.kafka.clients.NetworkClient                       [] - [Consumer clientId=main-server-0, groupId=main-server] Node -1 disconnected.
2025-02-03 22:22:52,423 INFO  org.apache.kafka.clients.NetworkClient                       [] - [Producer clientId=producer-2] Node -1 disconnected.
2025-02-03 22:22:52,423 INFO  org.apache.kafka.clients.NetworkClient                       [] - [Producer clientId=producer-1] Node -1 disconnected.
2025-02-03 22:32:52,107 INFO  org.apache.kafka.clients.NetworkClient                       [] - [Producer clientId=producer-2] Node -1 disconnected.
2025-02-03 22:32:52,107 INFO  org.apache.kafka.clients.NetworkClient                       [] - [Consumer clientId=result-consumer-0, groupId=result-consumer] Node -1 disconnected.
2025-02-03 22:32:52,107 INFO  org.apache.kafka.clients.NetworkClient                       [] - [Producer clientId=producer-1] Node -1 disconnected.
2025-02-03 22:32:52,423 INFO  org.apache.kafka.clients.NetworkClient                       [] - [Consumer clientId=main-server-0, groupId=main-server] Node -1 disconnected.
